<?xml version="1.0" encoding="UTF-8"?>
<testng-results ignored="0" total="2" passed="2" failed="0" skipped="0">
  <reporter-output>
  </reporter-output>
  <suite started-at="2020-02-18T16:36:52 EST" name="Default suite" finished-at="2020-02-18T16:36:56 EST" duration-ms="3189">
    <groups>
    </groups>
    <test started-at="2020-02-18T16:36:52 EST" name="Default test" finished-at="2020-02-18T16:36:56 EST" duration-ms="3189">
      <class name="ReqresDotIn">
        <test-method is-config="true" signature="readPropertyFile()[pri:0, instance:ReqresDotIn@60015ef5]" started-at="2020-02-18T16:36:52 EST" name="readPropertyFile" finished-at="2020-02-18T16:36:52 EST" duration-ms="12" status="PASS">
          <reporter-output>
          </reporter-output>
        </test-method> <!-- readPropertyFile -->
        <test-method signature="getRequest()[pri:0, instance:ReqresDotIn@60015ef5]" started-at="2020-02-18T16:36:52 EST" name="getRequest" finished-at="2020-02-18T16:36:55 EST" duration-ms="2117" status="PASS">
          <reporter-output>
          </reporter-output>
        </test-method> <!-- getRequest -->
        <test-method signature="postRequest()[pri:0, instance:ReqresDotIn@60015ef5]" started-at="2020-02-18T16:36:55 EST" name="postRequest" finished-at="2020-02-18T16:36:56 EST" duration-ms="1017" status="PASS">
          <reporter-output>
          </reporter-output>
        </test-method> <!-- postRequest -->
      </class> <!-- ReqresDotIn -->
    </test> <!-- Default test -->
  </suite> <!-- Default suite -->
</testng-results>
